<?xml version="1.0" encoding="UTF-8"?>
<!-- Generated by org.testng.reporters.JUnitReportReporter -->
<testsuite hostname="LAPTOP-QUH6U22S" failures="0" tests="1" name="Qsp.naveen" time="0.484" errors="0" timestamp="2023-08-06T20:59:47 IST" skipped="0">
  <testcase classname="Qsp.naveen" name="litu" time="0.484">
    <system-out>
      <![CDATA[admin1
admin2
admin3
admin4
admin5
admin6
admin7
admin8
admin9
admin10
admin11
admin12
admin13
admin14
admin15
admin16
admin17
admin18
admin19
admin19
admin18
admin17
admin16
admin15
admin14
admin13
admin12
admin11
admin10
admin9
admin8
admin7
admin6
admin5
admin4
admin3
admin2
admin1]]>
    </system-out>
  </testcase> <!-- litu -->
  <system-out>
    <![CDATA[admin1
admin2
admin3
admin4
admin5
admin6
admin7
admin8
admin9
admin10
admin11
admin12
admin13
admin14
admin15
admin16
admin17
admin18
admin19
admin19
admin18
admin17
admin16
admin15
admin14
admin13
admin12
admin11
admin10
admin9
admin8
admin7
admin6
admin5
admin4
admin3
admin2
admin1]]>
  </system-out>
</testsuite> <!-- Qsp.naveen -->
