<?xml version="1.0" encoding="UTF-8"?>
<!-- Generated by org.testng.reporters.JUnitReportReporter -->
<testsuite hostname="Biswajit" failures="0" tests="1" name="Biswa.newdriver" time="24.259" errors="0" timestamp="2023-08-11T20:27:32 IST" skipped="0">
  <testcase classname="Biswa.newdriver" name="login" time="24.259"/>
</testsuite> <!-- Biswa.newdriver -->
