<?xml version="1.0" encoding="UTF-8"?>
<!-- Generated by org.testng.reporters.JUnitReportReporter -->
<testsuite hostname="LAPTOP-QUH6U22S" failures="0" tests="5" name="TestNG.demol" time="0.029" errors="0" timestamp="2023-08-10T12:22:10 IST" skipped="0">
  <testcase classname="TestNG.demol" name="data" time="0.003">
    <system-out>
      <![CDATA[Biswajit]]>
    </system-out>
  </testcase> <!-- data -->
  <testcase classname="TestNG.demol" name="data" time="0.009">
    <system-out>
      <![CDATA[Biswajit]]>
    </system-out>
  </testcase> <!-- data -->
  <testcase classname="TestNG.demol" name="data" time="0.006">
    <system-out>
      <![CDATA[Biswajit]]>
    </system-out>
  </testcase> <!-- data -->
  <testcase classname="TestNG.demol" name="data" time="0.003">
    <system-out>
      <![CDATA[Biswajit]]>
    </system-out>
  </testcase> <!-- data -->
  <testcase classname="TestNG.demol" name="data" time="0.008">
    <system-out>
      <![CDATA[Biswajit]]>
    </system-out>
  </testcase> <!-- data -->
  <system-out>
    <![CDATA[Biswajit
Biswajit
Biswajit
Biswajit
Biswajit]]>
  </system-out>
</testsuite> <!-- TestNG.demol -->
